2022-06-10 13:19:31,626:INFO: Parameters file found <models.utils.Params object at 0x1342db940>.
2022-06-10 13:19:31,626:INFO: Downloading dataset...
2022-06-10 13:19:32,082:INFO: Downloaded dataset. Features shape (13014, 24). Target shape (13014,).
2022-06-10 13:19:32,087:INFO: Features normalized. Features shape (13014, 31). Target shape (13014,).
2022-06-10 13:19:32,093:INFO: Features scaled. Features shape (13014, 31). Target shape (13014,).
2022-06-10 13:19:33,548:INFO: Creating model for params [<models.utils.Params object at 0x1342db940>]...
2022-06-10 13:19:33,548:INFO: Starting training
2022-06-10 13:19:33,635:INFO: Training finished.
2022-06-10 13:19:33,635:INFO: Evaluation: 
+----+-----------+----------+----------+
|    |   Support |      Low |     High |
|----+-----------+----------+----------|
|  0 |  12.8477  | 90.9091  |  9.09091 |
|  1 |  23.6438  | 18.817   | 81.183   |
|  2 |   4.00338 |  5.18234 | 94.8177  |
|  3 |  10.7807  | 12.8297  | 87.1703  |
|  4 |  14.6919  |  2.40586 | 97.5941  |
|  5 |  34.0326  | 31.5421  | 68.4579  |
+----+-----------+----------+----------+
2022-06-10 13:19:33,635:INFO: Data saved.
2022-06-10 13:19:33,635:INFO: 
2022-06-10 13:19:33,635:INFO: 
2022-06-10 13:19:33,635:INFO: Centroids: [type_def__visibility=0.97368538 ∧ type_def__is_final=0.00059742 ∧ type_def__is_extension=0.00956619 ∧ type_def__number_of_annotations=0.00049876 ∧ type_def__is_in_default_package=1.00000286 ∧ type_def__number_of_implements=0.00687781 ∧ type_def__number_of_generics=0.00017081 ∧ type_def__number_of_methods=0.01731291 ∧ type_def__percentage_overloaded_methods=0.12550667 ∧ type_def__number_of_constructors=0.12417824 ∧ type_def__number_of_fields=0.04027032 ∧ type_def__number_of_nested_types=0.00014955 ∧ type_def__number_of_inner_types=0.00013609 ∧ type_def__is_abstract=0.00598151 ∧ type_def__number_of_static_nested_types=0.00005203 ∧ type_def__is_inner=0.00059652 ∧ type_def__is_strictfp=0.00000000 ∧ type_def__percentage_of_static_fields=0.47522736 ∧ type_def__percentage_of_static_methods=0.02904551 ∧ type_def__number_of_static_blocks=0.00000001 ∧ type_def__is_nested=0.00060007 ∧ type_def__is_static=0.00000180 ∧ type_def__syntactic_category_Class=1.00000060 ∧ type_def__syntactic_category_Enum=0.00000016 ∧ type_def__syntactic_category_Interface=0.00000075 ∧ type_def__naming_convention_Anonymous=0.00000007 ∧ type_def__naming_convention_Camel_Low=0.01076547 ∧ type_def__naming_convention_Camel_Up=0.96830165 ∧ type_def__naming_convention_Lower=0.01255987 ∧ type_def__naming_convention_Snake_Case=0.00478430 ∧ type_def__naming_convention_Upper=0.00358847].
2022-06-10 13:19:33,636:INFO: Support: 12.85%.
2022-06-10 13:19:33,636:INFO: Distribution: 90.91% (high), 9.09% (low).
2022-06-10 13:19:33,636:INFO: 
2022-06-10 13:19:33,636:INFO: 
2022-06-10 13:19:33,636:INFO: Centroids: [type_def__visibility=0.92915249 ∧ type_def__is_final=0.04484853 ∧ type_def__is_extension=1.00000715 ∧ type_def__number_of_annotations=0.06337346 ∧ type_def__is_in_default_package=0.02599823 ∧ type_def__number_of_implements=0.06545332 ∧ type_def__number_of_generics=0.00403913 ∧ type_def__number_of_methods=0.02896557 ∧ type_def__percentage_overloaded_methods=0.13825548 ∧ type_def__number_of_constructors=0.07491069 ∧ type_def__number_of_fields=0.02197075 ∧ type_def__number_of_nested_types=0.00723714 ∧ type_def__number_of_inner_types=0.00658108 ∧ type_def__is_abstract=0.04939884 ∧ type_def__number_of_static_nested_types=0.00254813 ∧ type_def__is_inner=-0.00000095 ∧ type_def__is_strictfp=0.00000000 ∧ type_def__percentage_of_static_fields=0.21851419 ∧ type_def__percentage_of_static_methods=0.04211174 ∧ type_def__number_of_static_blocks=0.00116997 ∧ type_def__is_nested=0.00000151 ∧ type_def__is_static=0.00000149 ∧ type_def__syntactic_category_Class=1.00000024 ∧ type_def__syntactic_category_Enum=0.00000009 ∧ type_def__syntactic_category_Interface=0.00000058 ∧ type_def__naming_convention_Anonymous=0.00000006 ∧ type_def__naming_convention_Camel_Low=0.00162495 ∧ type_def__naming_convention_Camel_Up=0.91842759 ∧ type_def__naming_convention_Lower=0.00129999 ∧ type_def__naming_convention_Snake_Case=0.06597266 ∧ type_def__naming_convention_Upper=0.01267472].
2022-06-10 13:19:33,636:INFO: Support: 23.64%.
2022-06-10 13:19:33,636:INFO: Distribution: 18.82% (high), 81.18% (low).
2022-06-10 13:19:33,636:INFO: 
2022-06-10 13:19:33,636:INFO: 
2022-06-10 13:19:33,636:INFO: Centroids: [type_def__visibility=0.90786928 ∧ type_def__is_final=0.00000030 ∧ type_def__is_extension=-0.00000030 ∧ type_def__number_of_annotations=0.07549588 ∧ type_def__is_in_default_package=0.02879150 ∧ type_def__number_of_implements=-0.00000003 ∧ type_def__number_of_generics=0.02659711 ∧ type_def__number_of_methods=0.03700499 ∧ type_def__percentage_overloaded_methods=0.19843741 ∧ type_def__number_of_constructors=0.00000038 ∧ type_def__number_of_fields=0.00649524 ∧ type_def__number_of_nested_types=0.00141805 ∧ type_def__number_of_inner_types=0.00073052 ∧ type_def__is_abstract=0.00191980 ∧ type_def__number_of_static_nested_types=0.00267044 ∧ type_def__is_inner=0.22073072 ∧ type_def__is_strictfp=0.00000000 ∧ type_def__percentage_of_static_fields=0.06909873 ∧ type_def__percentage_of_static_methods=0.00393420 ∧ type_def__number_of_static_blocks=0.00000001 ∧ type_def__is_nested=0.24760166 ∧ type_def__is_static=0.06525904 ∧ type_def__syntactic_category_Class=0.00000286 ∧ type_def__syntactic_category_Enum=-0.00000002 ∧ type_def__syntactic_category_Interface=0.99999422 ∧ type_def__naming_convention_Anonymous=0.00000003 ∧ type_def__naming_convention_Camel_Low=-0.00000003 ∧ type_def__naming_convention_Camel_Up=0.95969284 ∧ type_def__naming_convention_Lower=0.01343578 ∧ type_def__naming_convention_Snake_Case=0.00767756 ∧ type_def__naming_convention_Upper=0.01919383].
2022-06-10 13:19:33,636:INFO: Support: 4.00%.
2022-06-10 13:19:33,636:INFO: Distribution: 5.18% (high), 94.82% (low).
2022-06-10 13:19:33,636:INFO: 
2022-06-10 13:19:33,636:INFO: 
2022-06-10 13:19:33,636:INFO: Centroids: [type_def__visibility=0.91387886 ∧ type_def__is_final=0.10676116 ∧ type_def__is_extension=0.00996450 ∧ type_def__number_of_annotations=0.07402124 ∧ type_def__is_in_default_package=0.00071222 ∧ type_def__number_of_implements=0.01395021 ∧ type_def__number_of_generics=0.00142348 ∧ type_def__number_of_methods=0.01312917 ∧ type_def__percentage_overloaded_methods=0.06608671 ∧ type_def__number_of_constructors=0.03438608 ∧ type_def__number_of_fields=0.03711032 ∧ type_def__number_of_nested_types=0.00493706 ∧ type_def__number_of_inner_types=0.00316567 ∧ type_def__is_abstract=0.03843416 ∧ type_def__number_of_static_nested_types=0.00688019 ∧ type_def__is_inner=0.00142375 ∧ type_def__is_strictfp=0.00000000 ∧ type_def__percentage_of_static_fields=0.86516553 ∧ type_def__percentage_of_static_methods=0.41008112 ∧ type_def__number_of_static_blocks=0.00505338 ∧ type_def__is_nested=0.00498255 ∧ type_def__is_static=0.00355854 ∧ type_def__syntactic_category_Class=0.89252687 ∧ type_def__syntactic_category_Enum=0.10747334 ∧ type_def__syntactic_category_Interface=-0.00000005 ∧ type_def__naming_convention_Anonymous=0.00000000 ∧ type_def__naming_convention_Camel_Low=0.00284697 ∧ type_def__naming_convention_Camel_Up=0.98149461 ∧ type_def__naming_convention_Lower=0.00213522 ∧ type_def__naming_convention_Snake_Case=0.00996443 ∧ type_def__naming_convention_Upper=0.00355872].
2022-06-10 13:19:33,636:INFO: Support: 10.78%.
2022-06-10 13:19:33,636:INFO: Distribution: 12.83% (high), 87.17% (low).
2022-06-10 13:19:33,636:INFO: 
2022-06-10 13:19:33,636:INFO: 
2022-06-10 13:19:33,636:INFO: Centroids: [type_def__visibility=0.35878238 ∧ type_def__is_final=0.17207132 ∧ type_def__is_extension=0.38545966 ∧ type_def__number_of_annotations=0.01621332 ∧ type_def__is_in_default_package=0.02196591 ∧ type_def__number_of_implements=0.03556486 ∧ type_def__number_of_generics=0.01374773 ∧ type_def__number_of_methods=0.00755720 ∧ type_def__percentage_overloaded_methods=0.05907751 ∧ type_def__number_of_constructors=0.03932419 ∧ type_def__number_of_fields=0.01247491 ∧ type_def__number_of_nested_types=0.00093870 ∧ type_def__number_of_inner_types=0.00058741 ∧ type_def__is_abstract=0.06485359 ∧ type_def__number_of_static_nested_types=0.00136439 ∧ type_def__is_inner=0.94038022 ∧ type_def__is_strictfp=0.00000000 ∧ type_def__percentage_of_static_fields=0.13746865 ∧ type_def__percentage_of_static_methods=0.05345368 ∧ type_def__number_of_static_blocks=0.00073222 ∧ type_def__is_nested=0.99999499 ∧ type_def__is_static=0.69874716 ∧ type_def__syntactic_category_Class=0.94612962 ∧ type_def__syntactic_category_Enum=0.04707117 ∧ type_def__syntactic_category_Interface=0.00679946 ∧ type_def__naming_convention_Anonymous=0.04027028 ∧ type_def__naming_convention_Camel_Low=0.00104599 ∧ type_def__naming_convention_Camel_Up=0.93567026 ∧ type_def__naming_convention_Lower=0.00470715 ∧ type_def__naming_convention_Snake_Case=0.01255212 ∧ type_def__naming_convention_Upper=0.00575312].
2022-06-10 13:19:33,636:INFO: Support: 14.69%.
2022-06-10 13:19:33,636:INFO: Distribution: 2.41% (high), 97.59% (low).
2022-06-10 13:19:33,636:INFO: 
2022-06-10 13:19:33,637:INFO: 
2022-06-10 13:19:33,637:INFO: Centroids: [type_def__visibility=0.92839456 ∧ type_def__is_final=0.05150191 ∧ type_def__is_extension=-0.00000277 ∧ type_def__number_of_annotations=0.08037778 ∧ type_def__is_in_default_package=-0.00000122 ∧ type_def__number_of_implements=0.06604920 ∧ type_def__number_of_generics=0.00738967 ∧ type_def__number_of_methods=0.02215656 ∧ type_def__percentage_overloaded_methods=0.09535226 ∧ type_def__number_of_constructors=0.04382195 ∧ type_def__number_of_fields=0.02078880 ∧ type_def__number_of_nested_types=0.00331835 ∧ type_def__number_of_inner_types=0.00239542 ∧ type_def__is_abstract=0.11339588 ∧ type_def__number_of_static_nested_types=0.00358473 ∧ type_def__is_inner=-0.00000076 ∧ type_def__is_strictfp=0.00000000 ∧ type_def__percentage_of_static_fields=0.09375380 ∧ type_def__percentage_of_static_methods=0.07767479 ∧ type_def__number_of_static_blocks=0.00047437 ∧ type_def__is_nested=0.00000137 ∧ type_def__is_static=0.00000142 ∧ type_def__syntactic_category_Class=0.99977422 ∧ type_def__syntactic_category_Enum=0.00022596 ∧ type_def__syntactic_category_Interface=0.00000054 ∧ type_def__naming_convention_Anonymous=0.00000006 ∧ type_def__naming_convention_Camel_Low=0.01174601 ∧ type_def__naming_convention_Camel_Up=0.97063529 ∧ type_def__naming_convention_Lower=0.00429188 ∧ type_def__naming_convention_Snake_Case=0.01106826 ∧ type_def__naming_convention_Upper=0.00225881].
2022-06-10 13:19:33,637:INFO: Support: 34.03%.
2022-06-10 13:19:33,637:INFO: Distribution: 31.54% (high), 68.46% (low).
2022-06-10 13:19:33,637:INFO: 
2022-06-10 13:19:33,637:INFO: All saved and finished.
