2022-06-15 12:50:37,228:INFO: Parameters file found <models.utils.Params object at 0x120c15a00>.
2022-06-15 12:50:37,229:INFO: Downloading dataset...
2022-06-15 12:50:37,320:INFO: Downloaded dataset. Features shape (4651, 7). Target shape (4651,).
2022-06-15 12:50:37,322:INFO: Features normalized. Features shape (4651, 7). Target shape (4651,).
2022-06-15 12:50:37,322:INFO: Features scaled. Features shape (4651, 7). Target shape (4651,).
2022-06-15 12:50:37,899:INFO: Creating model for params [<models.utils.Params object at 0x120c15a00>]...
2022-06-15 12:50:37,899:INFO: Starting training
2022-06-15 12:50:37,990:INFO: Training finished.
2022-06-15 12:50:37,991:INFO: Evaluation: 
  	  Support	   Low	  High	program__percentage_of_classes  	program__percentage_of_interfaces  	program__percentage_of_enums  	program__contains_code_in_packages  	program__contains_code_in_default_package  	program__percentage_of_types_in_packages  	program__percentage_of_types_in_default_package  	cluster_id             	program__user_class
 0	    13.98	 97.69	  2.31	('82.075', '82.446', '82.818')  	('12.135', '12.529', '12.922')     	('4.567', '5.025', '5.483')   	('nan', '1.000', 'nan')             	('-0.001', '0.005', '0.010')               	('99.980', '99.992', '100.005')           	('-0.004', '0.005', '0.014')                     	('nan', '0.000', 'nan')	('0.012', '0.023', '0.035')
 1	    47.99	100.00	  0.00	('99.936', '99.970', '100.004') 	('-0.004', '0.030', '0.064')       	('nan', '0.000', 'nan')       	('0.001', '0.004', '0.006')         	('nan', '1.000', 'nan')                    	('0.015', '0.061', '0.108')               	('99.891', '99.937', '99.984')                   	('nan', '1.000', 'nan')	('nan', '0.000', 'nan')
 2	    35.95	 92.82	  7.18	('97.737', '97.892', '98.048')  	('0.768', '0.864', '0.959')        	('1.112', '1.244', '1.376')   	('nan', '1.000', 'nan')             	('0.008', '0.014', '0.019')                	('99.821', '99.881', '99.941')            	('0.053', '0.109', '0.164')                      	('nan', '2.000', 'nan')	('0.059', '0.072', '0.084')
 3	     1.61	100.00	  0.00	('62.098', '65.350', '68.603')  	('31.112', '34.383', '37.655')     	('-0.256', '0.267', '0.789')  	('nan', '1.000', 'nan')             	('nan', '0.000', 'nan')                    	('nan', '100.000', 'nan')                 	('nan', '0.000', 'nan')                          	('nan', '3.000', 'nan')	('nan', '0.000', 'nan')
 4	     0.47	 95.45	  4.55	('97.666', '98.999', '100.331') 	('-0.218', '0.460', '1.138')       	('-0.207', '0.541', '1.289')  	('nan', '1.000', 'nan')             	('nan', '1.000', 'nan')                    	('56.409', '61.591', '66.773')            	('32.617', '37.818', '43.019')                   	('nan', '4.000', 'nan')	('-0.044', '0.045', '0.135')
2022-06-15 12:50:37,992:INFO: Data saved.
2022-06-15 12:50:37,992:INFO: 
2022-06-15 12:50:37,992:INFO: 
2022-06-15 12:50:37,992:INFO: Centroids: [program__percentage_of_classes=82.45397949 ∧ program__percentage_of_interfaces=12.50947380 ∧ program__percentage_of_enums=5.03654814 ∧ program__contains_code_in_packages=0.99999970 ∧ program__contains_code_in_default_package=0.00460884 ∧ program__percentage_of_types_in_packages=99.99230957 ∧ program__percentage_of_types_in_default_package=0.00461960].
2022-06-15 12:50:37,992:INFO: Support: 13.98%.
2022-06-15 12:50:37,992:INFO: Distribution: 97.69% (low), 2.31% (high).
2022-06-15 12:50:37,992:INFO: 
2022-06-15 12:50:37,992:INFO: 
2022-06-15 12:50:37,992:INFO: Centroids: [program__percentage_of_classes=99.97012329 ∧ program__percentage_of_interfaces=0.02989101 ∧ program__percentage_of_enums=0.00000179 ∧ program__contains_code_in_packages=0.00358605 ∧ program__contains_code_in_default_package=0.99999964 ∧ program__percentage_of_types_in_packages=0.06122208 ∧ program__percentage_of_types_in_default_package=99.93721008].
2022-06-15 12:50:37,992:INFO: Support: 47.99%.
2022-06-15 12:50:37,992:INFO: Distribution: 100.00% (low), 0.00% (high).
2022-06-15 12:50:37,992:INFO: 
2022-06-15 12:50:37,992:INFO: 
2022-06-15 12:50:37,993:INFO: Centroids: [program__percentage_of_classes=97.89865112 ∧ program__percentage_of_interfaces=0.86416745 ∧ program__percentage_of_enums=1.23719060 ∧ program__contains_code_in_packages=1.00000095 ∧ program__contains_code_in_default_package=0.01376411 ∧ program__percentage_of_types_in_packages=99.88078308 ∧ program__percentage_of_types_in_default_package=0.10881805].
2022-06-15 12:50:37,993:INFO: Support: 35.95%.
2022-06-15 12:50:37,993:INFO: Distribution: 92.82% (low), 7.18% (high).
2022-06-15 12:50:37,993:INFO: 
2022-06-15 12:50:37,993:INFO: 
2022-06-15 12:50:37,993:INFO: Centroids: [program__percentage_of_classes=65.35009766 ∧ program__percentage_of_interfaces=34.38323975 ∧ program__percentage_of_enums=0.26666677 ∧ program__contains_code_in_packages=0.99999988 ∧ program__contains_code_in_default_package=0.00000000 ∧ program__percentage_of_types_in_packages=100.00000000 ∧ program__percentage_of_types_in_default_package=0.00000000].
2022-06-15 12:50:37,993:INFO: Support: 1.61%.
2022-06-15 12:50:37,993:INFO: Distribution: 100.00% (low), 0.00% (high).
2022-06-15 12:50:37,993:INFO: 
2022-06-15 12:50:37,993:INFO: 
2022-06-15 12:50:37,993:INFO: Centroids: [program__percentage_of_classes=98.99851227 ∧ program__percentage_of_interfaces=0.46036053 ∧ program__percentage_of_enums=0.54112560 ∧ program__contains_code_in_packages=1.00000000 ∧ program__contains_code_in_default_package=1.00000000 ∧ program__percentage_of_types_in_packages=61.59090805 ∧ program__percentage_of_types_in_default_package=37.81818390].
2022-06-15 12:50:37,993:INFO: Support: 0.47%.
2022-06-15 12:50:37,993:INFO: Distribution: 95.45% (low), 4.55% (high).
2022-06-15 12:50:37,993:INFO: 
2022-06-15 12:50:37,993:INFO: 
2022-06-15 12:50:37,993:INFO: 
2022-06-15 12:50:38,021:INFO: Cluster [0]. Support [13.9755]. Lows [97.6923]. Highs [2.3077]. (*)
2022-06-15 12:50:38,023:INFO: 	Identified by feature [program__percentage_of_classes]. Range [82.074 - 82.818].
2022-06-15 12:50:38,024:INFO: 	Identified by feature [program__percentage_of_interfaces]. Range [12.134 - 12.923].
2022-06-15 12:50:38,025:INFO: 	Identified by feature [program__percentage_of_enums]. Range [4.567 - 5.484].
2022-06-15 12:50:38,028:INFO: Cluster [1]. Support [47.9897]. Lows [100.0000]. Highs [0.0000]. (*)
2022-06-15 12:50:38,029:INFO: 	Identified by feature [program__percentage_of_classes]. Range [99.936 - 100.004].
2022-06-15 12:50:38,031:INFO: 	Identified by feature [program__percentage_of_interfaces]. Range [-0.004 - 0.064].
2022-06-15 12:50:38,032:INFO: 	Identified by feature [program__percentage_of_enums]. Range [0.000 - 0.000].
2022-06-15 12:50:38,033:INFO: 	Identified by feature [program__percentage_of_types_in_packages]. Range [0.015 - 0.108].
2022-06-15 12:50:38,034:INFO: 	Identified by feature [program__percentage_of_types_in_default_package]. Range [99.891 - 99.984].
2022-06-15 12:50:38,035:INFO: Cluster [2]. Support [35.9493]. Lows [92.8230]. Highs [7.1770]. (*)
2022-06-15 12:50:38,041:INFO: Cluster [3]. Support [1.6126]. Lows [100.0000]. Highs [0.0000]. (*)
2022-06-15 12:50:38,042:INFO: 	Identified by feature [program__percentage_of_classes]. Range [62.043 - 68.657].
2022-06-15 12:50:38,044:INFO: 	Identified by feature [program__percentage_of_interfaces]. Range [31.057 - 37.709].
2022-06-15 12:50:38,049:INFO: Cluster [4]. Support [0.4730]. Lows [95.4545]. Highs [4.5455]. (*)
2022-06-15 12:50:38,053:INFO: 	Identified by feature [program__percentage_of_types_in_packages]. Range [56.093 - 67.089].
2022-06-15 12:50:38,055:INFO: 	Identified by feature [program__percentage_of_types_in_default_package]. Range [32.300 - 43.337].
2022-06-15 12:50:38,055:INFO: Support of clusters associated with a level of experience: 100.0000.
2022-06-15 12:50:38,055:INFO: 
2022-06-15 12:50:38,055:INFO: 
2022-06-15 12:50:38,055:INFO: 
2022-06-15 12:50:38,056:INFO: Centroids: 
                                               	0                              	1                              	2                             	3                             	4
Support                                        	13.975489142119974             	47.98967963878736              	35.94925822403784             	1.6125564394753815            	0.4730165555794453
Low                                            	97.6923076923077               	100.0                          	92.82296650717703             	100.0                         	95.45454545454545
High                                           	2.307692307692308              	0.0                            	7.177033492822966             	0.0                           	4.545454545454546
program__percentage_of_classes                 	('82.075', '82.446', '82.818') 	('99.936', '99.970', '100.004')	('97.737', '97.892', '98.048')	('62.098', '65.350', '68.603')	('97.666', '98.999', '100.331')
program__percentage_of_interfaces              	('12.135', '12.529', '12.922') 	('-0.004', '0.030', '0.064')   	('0.768', '0.864', '0.959')   	('31.112', '34.383', '37.655')	('-0.218', '0.460', '1.138')
program__percentage_of_enums                   	('4.567', '5.025', '5.483')    	('nan', '0.000', 'nan')        	('1.112', '1.244', '1.376')   	('-0.256', '0.267', '0.789')  	('-0.207', '0.541', '1.289')
program__contains_code_in_packages             	('nan', '1.000', 'nan')        	('0.001', '0.004', '0.006')    	('nan', '1.000', 'nan')       	('nan', '1.000', 'nan')       	('nan', '1.000', 'nan')
program__contains_code_in_default_package      	('-0.001', '0.005', '0.010')   	('nan', '1.000', 'nan')        	('0.008', '0.014', '0.019')   	('nan', '0.000', 'nan')       	('nan', '1.000', 'nan')
program__percentage_of_types_in_packages       	('99.980', '99.992', '100.005')	('0.015', '0.061', '0.108')    	('99.821', '99.881', '99.941')	('nan', '100.000', 'nan')     	('56.409', '61.591', '66.773')
program__percentage_of_types_in_default_package	('-0.004', '0.005', '0.014')   	('99.891', '99.937', '99.984') 	('0.053', '0.109', '0.164')   	('nan', '0.000', 'nan')       	('32.617', '37.818', '43.019')
cluster_id                                     	('nan', '0.000', 'nan')        	('nan', '1.000', 'nan')        	('nan', '2.000', 'nan')       	('nan', '3.000', 'nan')       	('nan', '4.000', 'nan')
program__user_class                            	('0.012', '0.023', '0.035')    	('nan', '0.000', 'nan')        	('0.059', '0.072', '0.084')   	('nan', '0.000', 'nan')       	('-0.044', '0.045', '0.135')
2022-06-15 12:50:38,056:INFO: All saved and finished.
