2022-06-17 09:08:14,539:INFO: Downloading dataset...
2022-06-17 09:08:14,610:INFO: Downloaded dataset. Features shape (4651, 7). Target shape (4651,).
2022-06-17 09:08:14,612:INFO: Features normalized. Features shape (4651, 7). Target shape (4651,).
2022-06-17 09:08:14,612:INFO: Exploring KMeans space from k=2 to k=20.
2022-06-17 09:08:14,612:INFO: Exploring KMeans with k=2.
2022-06-17 09:08:14,640:INFO: Exploring KMeans with k=3.
2022-06-17 09:08:14,659:INFO: Exploring KMeans with k=4.
2022-06-17 09:08:14,682:INFO: Exploring KMeans with k=5.
2022-06-17 09:08:14,706:INFO: Exploring KMeans with k=6.
2022-06-17 09:08:14,736:INFO: Exploring KMeans with k=7.
2022-06-17 09:08:14,775:INFO: Exploring KMeans with k=8.
2022-06-17 09:08:14,810:INFO: Exploring KMeans with k=9.
2022-06-17 09:08:14,847:INFO: Exploring KMeans with k=10.
2022-06-17 09:08:14,885:INFO: Exploring KMeans with k=11.
2022-06-17 09:08:14,927:INFO: Exploring KMeans with k=12.
2022-06-17 09:08:14,967:INFO: Exploring KMeans with k=13.
2022-06-17 09:08:15,013:INFO: Exploring KMeans with k=14.
2022-06-17 09:08:15,059:INFO: Exploring KMeans with k=15.
2022-06-17 09:08:15,107:INFO: Exploring KMeans with k=16.
2022-06-17 09:08:15,157:INFO: Exploring KMeans with k=17.
2022-06-17 09:08:15,208:INFO: Exploring KMeans with k=18.
2022-06-17 09:08:15,262:INFO: Exploring KMeans with k=19.
