2022-06-09 21:00:30,611:INFO: Parameters file found <models.utils.Params object at 0x122d0aa60>.
2022-06-09 21:00:30,611:INFO: Downloading dataset...
2022-06-09 21:00:30,649:INFO: Downloaded dataset. Features shape (305, 7). Target shape (305,).
2022-06-09 21:00:30,650:INFO: Features normalized. Features shape (305, 7). Target shape (305,).
2022-06-09 21:00:30,651:INFO: Features scaled. Features shape (305, 7). Target shape (305,).
2022-06-09 21:00:30,651:INFO: Creating model for params [<models.utils.Params object at 0x122d0aa60>]...
2022-06-09 21:00:30,651:INFO: Starting training
2022-06-09 21:00:30,676:INFO: Training finished.
2022-06-09 21:00:30,676:INFO: Evaluation: 
+----+-----------+----------+----------+
|    |   Support |      Low |     High |
|----+-----------+----------+----------|
|  0 |  75.4098  |  43.913  | 56.087   |
|  1 |   2.29508 | 100      |  0       |
|  2 |   9.5082  |  86.2069 | 13.7931  |
|  3 |  11.4754  |  97.1429 |  2.85714 |
|  4 |   1.31148 | 100      |  0       |
+----+-----------+----------+----------+
2022-06-09 21:00:30,676:INFO: Data saved.
2022-06-09 21:00:30,676:INFO: All saved and finished.
