2022-06-15 04:16:30,352:INFO: Parameters file found <models.utils.Params object at 0x7fe1c221b490>.
2022-06-15 04:16:30,352:INFO: Downloading dataset...
2022-06-15 04:16:33,058:INFO: Downloaded dataset. Features shape (96956, 29). Target shape (96956,).
2022-06-15 04:16:33,181:INFO: Features normalized. Features shape (96956, 36). Target shape (96956,).
2022-06-15 04:16:33,181:INFO: Features scaled. Features shape (96956, 36). Target shape (96956,).
2022-06-15 04:17:09,114:INFO: Creating model for params [<models.utils.Params object at 0x7fe1c221b490>]...
2022-06-15 04:17:09,115:INFO: Starting training
2022-06-15 04:17:12,262:INFO: Training finished.
2022-06-15 04:17:12,265:INFO: Evaluation: 
  	  Support	  Low	  High	programs__percentage_of_classes  	programs__percentage_of_interfaces  	programs__percentage_of_enums  	programs__contains_code_in_packages  	programs__contains_code_in_default_package  	type_def__visibility       	type_def__is_final         	type_def__is_extension     	type_def__number_of_annotations  	type_def__is_in_default_package  	type_def__number_of_implements  	type_def__number_of_generics  	type_def__number_of_methods   	type_def__percentage_overloaded_methods  	type_def__number_of_constructors  	type_def__number_of_fields  	type_def__number_of_nested_types  	type_def__number_of_inner_types  	type_def__is_abstract      	type_def__number_of_static_nested_types  	type_def__is_inner         	type_def__is_strictfp  	type_def__percentage_of_static_fields  	type_def__percentage_of_static_methods  	type_def__number_of_static_blocks  	type_def__is_nested        	type_def__is_static        	type_def__syntactic_category_Class  	type_def__syntactic_category_Enum  	type_def__syntactic_category_Interface  	type_def__naming_convention_Anonymous  	type_def__naming_convention_Camel_Low  	type_def__naming_convention_Camel_Up  	type_def__naming_convention_Lower  	type_def__naming_convention_Snake_Case  	type_def__naming_convention_Upper  	cluster_id             	type_def__user_class
 0	    62.64	45.00	 55.00	('93.462', '93.515', '93.567')   	('4.173', '4.221', '4.269')         	('2.238', '2.265', '2.292')    	('0.864', '0.867', '0.870')          	('0.361', '0.365', '0.369')                 	('0.771', '0.774', '0.778')	('0.011', '0.012', '0.013')	('0.293', '0.297', '0.300')	('0.284', '0.288', '0.292')      	('0.136', '0.139', '0.142')      	('0.521', '0.528', '0.535')     	('0.019', '0.021', '0.022')   	('6.150', '6.217', '6.285')   	('2.617', '2.679', '2.742')              	('0.338', '0.343', '0.347')       	('1.504', '1.527', '1.550') 	('0.094', '0.102', '0.110')       	('0.067', '0.074', '0.080')      	('0.030', '0.031', '0.032')	('0.024', '0.028', '0.032')              	('0.231', '0.234', '0.237')	('nan', '0.000', 'nan')	('0.355', '0.377', '0.399')            	('0.474', '0.503', '0.531')             	('0.000', '0.000', '0.000')        	('0.234', '0.238', '0.241')	('0.038', '0.040', '0.041')	('0.947', '0.948', '0.950')         	('0.001', '0.001', '0.001')        	('0.049', '0.051', '0.053')             	('0.159', '0.162', '0.165')            	('0.004', '0.004', '0.005')            	('0.817', '0.820', '0.823')           	('0.001', '0.001', '0.001')        	('0.011', '0.011', '0.012')             	('0.001', '0.001', '0.002')        	('nan', '0.000', 'nan')	('0.546', '0.550', '0.554')
 1	     4.92	29.57	 70.43	('92.744', '92.928', '93.113')   	('3.556', '3.696', '3.836')         	('3.260', '3.377', '3.493')    	('0.952', '0.958', '0.964')          	('0.224', '0.236', '0.248')                 	('0.882', '0.891', '0.899')	('0.010', '0.013', '0.017')	('0.634', '0.647', '0.661')	('0.448', '0.463', '0.479')      	('0.039', '0.045', '0.051')      	('0.042', '0.051', '0.060')     	('0.005', '0.007', '0.010')   	('1.909', '2.065', '2.221')   	('0.373', '0.474', '0.575')              	('0.556', '0.571', '0.586')       	('2.685', '2.855', '3.026') 	('0.116', '0.156', '0.197')       	('0.074', '0.108', '0.143')      	('0.011', '0.014', '0.018')	('0.036', '0.048', '0.060')              	('0.156', '0.167', '0.178')	('nan', '0.000', 'nan')	('98.891', '99.006', '99.122')         	('0.847', '0.968', '1.089')             	('0.047', '0.054', '0.060')        	('0.161', '0.171', '0.182')	('0.095', '0.104', '0.113')	('0.807', '0.818', '0.829')         	('0.163', '0.173', '0.184')        	('0.006', '0.009', '0.011')             	('0.001', '0.002', '0.003')            	('-0.000', '0.000', '0.001')           	('0.972', '0.976', '0.980')           	('0.002', '0.004', '0.006')        	('0.013', '0.016', '0.020')             	('0.001', '0.002', '0.003')        	('nan', '1.000', 'nan')	('0.691', '0.704', '0.717')
 2	    16.33	 1.39	 98.61	('93.973', '94.069', '94.166')   	('1.112', '1.140', '1.167')         	('4.696', '4.792', '4.889')    	('1.000', '1.000', '1.000')          	('0.036', '0.039', '0.042')                 	('0.991', '0.992', '0.994')	('0.022', '0.025', '0.027')	('0.022', '0.025', '0.027')	('1.299', '1.308', '1.317')      	('0.001', '0.002', '0.002')      	('0.465', '0.473', '0.481')     	('0.000', '0.001', '0.001')   	('2.302', '2.345', '2.387')   	('0.256', '0.321', '0.385')              	('0.136', '0.141', '0.147')       	('2.931', '3.011', '3.090') 	('0.041', '0.050', '0.058')       	('0.019', '0.025', '0.030')      	('0.001', '0.002', '0.002')	('0.019', '0.025', '0.031')              	('0.007', '0.009', '0.010')	('nan', '0.000', 'nan')	('96.991', '97.131', '97.270')         	('52.291', '52.456', '52.620')          	('0.002', '0.004', '0.006')        	('0.008', '0.009', '0.011')	('0.007', '0.009', '0.010')	('0.892', '0.897', '0.901')         	('0.099', '0.103', '0.108')        	('nan', '0.000', 'nan')                 	('nan', '0.000', 'nan')                	('0.000', '0.000', '0.001')            	('0.999', '0.999', '1.000')           	('-0.000', '0.000', '0.000')       	('0.000', '0.000', '0.001')             	('0.000', '0.000', '0.001')        	('nan', '2.000', 'nan')	('0.984', '0.986', '0.988')
 3	     1.98	61.80	 38.20	('91.680', '91.992', '92.303')   	('4.834', '5.053', '5.272')         	('2.769', '2.956', '3.144')    	('0.997', '0.998', '1.000')          	('0.318', '0.339', '0.360')                 	('0.931', '0.942', '0.952')	('0.057', '0.068', '0.079')	('0.046', '0.056', '0.067')	('0.057', '0.069', '0.081')      	('0.040', '0.050', '0.060')      	('0.023', '0.031', '0.040')     	('0.001', '0.005', '0.008')   	('2.762', '2.948', '3.134')   	('3.729', '4.448', '5.168')              	('0.173', '0.192', '0.212')       	('0.778', '0.888', '0.997') 	('0.178', '0.231', '0.283')       	('0.096', '0.129', '0.162')      	('0.005', '0.010', '0.014')	('0.071', '0.102', '0.133')              	('0.029', '0.037', '0.046')	('nan', '0.000', 'nan')	('0.719', '0.989', '1.259')            	('73.255', '74.360', '75.466')          	('0.000', '0.003', '0.005')        	('0.029', '0.037', '0.046')	('0.027', '0.035', '0.044')	('0.986', '0.991', '0.995')         	('0.004', '0.008', '0.012')        	('-0.000', '0.002', '0.003')            	('nan', '0.000', 'nan')                	('-0.001', '0.001', '0.002')           	('0.981', '0.986', '0.991')           	('0.000', '0.003', '0.005')        	('0.002', '0.006', '0.009')             	('0.002', '0.005', '0.008')        	('nan', '3.000', 'nan')	('0.360', '0.382', '0.404')
 4	    12.61	62.27	 37.73	('96.671', '96.765', '96.858')   	('1.744', '1.815', '1.887')         	('1.367', '1.419', '1.471')    	('0.497', '0.505', '0.514')          	('0.597', '0.606', '0.614')                 	('0.983', '0.985', '0.987')	('0.006', '0.007', '0.009')	('0.083', '0.088', '0.093')	('0.564', '0.580', '0.596')      	('0.498', '0.507', '0.516')      	('0.324', '0.334', '0.343')     	('0.007', '0.008', '0.010')   	('8.754', '8.957', '9.161')   	('10.002', '10.209', '10.417')           	('1.634', '1.654', '1.674')       	('6.625', '6.737', '6.849') 	('0.196', '0.222', '0.247')       	('0.148', '0.171', '0.194')      	('0.008', '0.009', '0.011')	('0.043', '0.051', '0.059')              	('0.008', '0.010', '0.012')	('nan', '0.000', 'nan')	('54.520', '54.731', '54.943')         	('0.867', '0.946', '1.026')             	('0.002', '0.003', '0.004')        	('0.008', '0.010', '0.012')	('0.005', '0.007', '0.008')	('0.998', '0.999', '0.999')         	('0.001', '0.001', '0.002')        	('nan', '0.000', 'nan')                 	('-0.000', '0.000', '0.000')           	('0.000', '0.000', '0.001')            	('0.994', '0.995', '0.996')           	('0.000', '0.001', '0.001')        	('0.002', '0.003', '0.004')             	('-0.000', '0.000', '0.000')       	('nan', '4.000', 'nan')	('0.369', '0.377', '0.386')
 5	     1.52	47.04	 52.96	('93.460', '93.720', '93.979')   	('4.202', '4.422', '4.641')         	('1.697', '1.859', '2.021')    	('0.991', '0.995', '0.998')          	('0.128', '0.146', '0.164')                 	('0.915', '0.928', '0.941')	('0.016', '0.024', '0.032')	('0.622', '0.647', '0.671')	('0.389', '0.423', '0.458')      	('0.004', '0.008', '0.013')      	('0.248', '0.274', '0.299')     	('0.015', '0.024', '0.033')   	('21.358', '24.330', '27.302')	('88.301', '89.139', '89.977')           	('2.404', '2.545', '2.687')       	('1.066', '1.274', '1.483') 	('2.194', '2.879', '3.564')       	('2.165', '2.849', '3.533')      	('0.014', '0.021', '0.028')	('0.010', '0.030', '0.050')              	('0.061', '0.074', '0.088')	('nan', '0.000', 'nan')	('41.346', '43.708', '46.070')         	('0.555', '0.801', '1.047')             	('0.001', '0.005', '0.008')        	('0.068', '0.082', '0.096')	('0.037', '0.048', '0.059')	('0.864', '0.880', '0.897')         	('-0.000', '0.002', '0.004')       	('0.101', '0.118', '0.134')             	('0.010', '0.017', '0.024')            	('-0.000', '0.002', '0.004')           	('0.964', '0.972', '0.981')           	('-0.001', '0.001', '0.003')       	('-0.001', '0.001', '0.003')            	('0.002', '0.006', '0.010')        	('nan', '5.000', 'nan')	('0.504', '0.530', '0.555')
2022-06-15 04:17:12,267:INFO: Data saved.
2022-06-15 04:17:12,268:INFO: 
2022-06-15 04:17:12,268:INFO: 
2022-06-15 04:17:12,268:INFO: Centroids: [programs__percentage_of_classes=93.51481628 ∧ programs__percentage_of_interfaces=4.22052717 ∧ programs__percentage_of_enums=2.26464462 ∧ programs__contains_code_in_packages=0.86703426 ∧ programs__contains_code_in_default_package=0.36495575 ∧ type_def__visibility=0.77423656 ∧ type_def__is_final=0.01215092 ∧ type_def__is_extension=0.29676104 ∧ type_def__number_of_annotations=0.28791654 ∧ type_def__is_in_default_package=0.13919139 ∧ type_def__number_of_implements=0.52825099 ∧ type_def__number_of_generics=0.02072899 ∧ type_def__number_of_methods=6.21748400 ∧ type_def__percentage_overloaded_methods=2.67952371 ∧ type_def__number_of_constructors=0.34282717 ∧ type_def__number_of_fields=1.52715683 ∧ type_def__number_of_nested_types=0.10157380 ∧ type_def__number_of_inner_types=0.07356453 ∧ type_def__is_abstract=0.03088752 ∧ type_def__number_of_static_nested_types=0.02800637 ∧ type_def__is_inner=0.23394769 ∧ type_def__is_strictfp=0.00000000 ∧ type_def__percentage_of_static_fields=0.37640381 ∧ type_def__percentage_of_static_methods=0.50277042 ∧ type_def__number_of_static_blocks=0.00023046 ∧ type_def__is_nested=0.23757181 ∧ type_def__is_static=0.03954884 ∧ type_def__syntactic_category_Class=0.94828469 ∧ type_def__syntactic_category_Enum=0.00090525 ∧ type_def__syntactic_category_Interface=0.05080997 ∧ type_def__naming_convention_Anonymous=0.16160128 ∧ type_def__naming_convention_Camel_Low=0.00437955 ∧ type_def__naming_convention_Camel_Up=0.82013881 ∧ type_def__naming_convention_Lower=0.00107023 ∧ type_def__naming_convention_Snake_Case=0.01145931 ∧ type_def__naming_convention_Upper=0.00135011].
2022-06-15 04:17:12,268:INFO: Support: 62.64%.
2022-06-15 04:17:12,268:INFO: Distribution: 45.00% (low), 55.00% (high).
2022-06-15 04:17:12,268:INFO: 
2022-06-15 04:17:12,268:INFO: 
2022-06-15 04:17:12,268:INFO: Centroids: [programs__percentage_of_classes=92.92751312 ∧ programs__percentage_of_interfaces=3.69515014 ∧ programs__percentage_of_enums=3.37733674 ∧ programs__contains_code_in_packages=0.95807123 ∧ programs__contains_code_in_default_package=0.23605910 ∧ type_def__visibility=0.89056599 ∧ type_def__is_final=0.01341717 ∧ type_def__is_extension=0.64737940 ∧ type_def__number_of_annotations=0.46310288 ∧ type_def__is_in_default_package=0.04507323 ∧ type_def__number_of_implements=0.05073360 ∧ type_def__number_of_generics=0.00733753 ∧ type_def__number_of_methods=2.06184125 ∧ type_def__percentage_overloaded_methods=0.47395420 ∧ type_def__number_of_constructors=0.57169861 ∧ type_def__number_of_fields=2.85094309 ∧ type_def__number_of_nested_types=0.15366867 ∧ type_def__number_of_inner_types=0.10607958 ∧ type_def__is_abstract=0.01446541 ∧ type_def__number_of_static_nested_types=0.04758913 ∧ type_def__is_inner=0.16708601 ∧ type_def__is_strictfp=0.00000000 ∧ type_def__percentage_of_static_fields=99.01573181 ∧ type_def__percentage_of_static_methods=0.96824265 ∧ type_def__number_of_static_blocks=0.05366882 ∧ type_def__is_nested=0.17148839 ∧ type_def__is_static=0.10398319 ∧ type_def__syntactic_category_Class=0.81781983 ∧ type_def__syntactic_category_Enum=0.17337522 ∧ type_def__syntactic_category_Interface=0.00880503 ∧ type_def__naming_convention_Anonymous=0.00167713 ∧ type_def__naming_convention_Camel_Low=0.00020965 ∧ type_def__naming_convention_Camel_Up=0.97610062 ∧ type_def__naming_convention_Lower=0.00398323 ∧ type_def__naming_convention_Snake_Case=0.01614257 ∧ type_def__naming_convention_Upper=0.00188679].
2022-06-15 04:17:12,269:INFO: Support: 4.92%.
2022-06-15 04:17:12,270:INFO: Distribution: 29.57% (low), 70.43% (high).
2022-06-15 04:17:12,270:INFO: 
2022-06-15 04:17:12,270:INFO: 
2022-06-15 04:17:12,270:INFO: Centroids: [programs__percentage_of_classes=94.06780243 ∧ programs__percentage_of_interfaces=1.13972950 ∧ programs__percentage_of_enums=4.79247189 ∧ programs__contains_code_in_packages=0.99993777 ∧ programs__contains_code_in_default_package=0.03857675 ∧ type_def__visibility=0.99229574 ∧ type_def__is_final=0.02487848 ∧ type_def__is_extension=0.02469106 ∧ type_def__number_of_annotations=1.30757165 ∧ type_def__is_in_default_package=0.00164211 ∧ type_def__number_of_implements=0.47281677 ∧ type_def__number_of_generics=0.00056834 ∧ type_def__number_of_methods=2.34483910 ∧ type_def__percentage_overloaded_methods=0.32055426 ∧ type_def__number_of_constructors=0.14144221 ∧ type_def__number_of_fields=3.01054096 ∧ type_def__number_of_nested_types=0.04969499 ∧ type_def__number_of_inner_types=0.02487824 ∧ type_def__is_abstract=0.00176780 ∧ type_def__number_of_static_nested_types=0.02481534 ∧ type_def__is_inner=0.00884143 ∧ type_def__is_strictfp=0.00000000 ∧ type_def__percentage_of_static_fields=97.13138580 ∧ type_def__percentage_of_static_methods=52.45588303 ∧ type_def__number_of_static_blocks=0.00391485 ∧ type_def__is_nested=0.00922094 ∧ type_def__is_static=0.00865055 ∧ type_def__syntactic_category_Class=0.89663458 ∧ type_def__syntactic_category_Enum=0.10336533 ∧ type_def__syntactic_category_Interface=0.00000026 ∧ type_def__naming_convention_Anonymous=-0.00000077 ∧ type_def__naming_convention_Camel_Low=0.00025258 ∧ type_def__naming_convention_Camel_Up=0.99917978 ∧ type_def__naming_convention_Lower=0.00006315 ∧ type_def__naming_convention_Snake_Case=0.00025258 ∧ type_def__naming_convention_Upper=0.00025257].
2022-06-15 04:17:12,270:INFO: Support: 16.33%.
2022-06-15 04:17:12,270:INFO: Distribution: 1.39% (low), 98.61% (high).
2022-06-15 04:17:12,270:INFO: 
2022-06-15 04:17:12,270:INFO: 
2022-06-15 04:17:12,270:INFO: Centroids: [programs__percentage_of_classes=91.99063873 ∧ programs__percentage_of_interfaces=5.05308199 ∧ programs__percentage_of_enums=2.95627785 ∧ programs__contains_code_in_packages=0.99843431 ∧ programs__contains_code_in_default_package=0.33872679 ∧ type_def__visibility=0.94154483 ∧ type_def__is_final=0.06784967 ∧ type_def__is_extension=0.05636746 ∧ type_def__number_of_annotations=0.06889373 ∧ type_def__is_in_default_package=0.05010425 ∧ type_def__number_of_implements=0.03131527 ∧ type_def__number_of_generics=0.00469728 ∧ type_def__number_of_methods=2.94780469 ∧ type_def__percentage_overloaded_methods=4.44848108 ∧ type_def__number_of_constructors=0.19206724 ∧ type_def__number_of_fields=0.88778794 ∧ type_def__number_of_nested_types=0.23068881 ∧ type_def__number_of_inner_types=0.12891439 ∧ type_def__is_abstract=0.00991649 ∧ type_def__number_of_static_nested_types=0.10177457 ∧ type_def__is_inner=0.03705630 ∧ type_def__is_strictfp=0.00000000 ∧ type_def__percentage_of_static_fields=0.98908806 ∧ type_def__percentage_of_static_methods=74.36041260 ∧ type_def__number_of_static_blocks=0.00260960 ∧ type_def__is_nested=0.03705630 ∧ type_def__is_static=0.03549058 ∧ type_def__syntactic_category_Class=0.99060535 ∧ type_def__syntactic_category_Enum=0.00782882 ∧ type_def__syntactic_category_Interface=0.00156575 ∧ type_def__naming_convention_Anonymous=0.00000001 ∧ type_def__naming_convention_Camel_Low=0.00052192 ∧ type_def__naming_convention_Camel_Up=0.98590821 ∧ type_def__naming_convention_Lower=0.00260960 ∧ type_def__naming_convention_Snake_Case=0.00574112 ∧ type_def__naming_convention_Upper=0.00521921].
2022-06-15 04:17:12,270:INFO: Support: 1.98%.
2022-06-15 04:17:12,270:INFO: Distribution: 61.80% (low), 38.20% (high).
2022-06-15 04:17:12,271:INFO: 
2022-06-15 04:17:12,271:INFO: 
2022-06-15 04:17:12,271:INFO: Centroids: [programs__percentage_of_classes=96.76482391 ∧ programs__percentage_of_interfaces=1.81621325 ∧ programs__percentage_of_enums=1.41895711 ∧ programs__contains_code_in_packages=0.50548184 ∧ programs__contains_code_in_default_package=0.60582072 ∧ type_def__visibility=0.98536110 ∧ type_def__is_final=0.00727838 ∧ type_def__is_extension=0.08791246 ∧ type_def__number_of_annotations=0.57973361 ∧ type_def__is_in_default_package=0.50711364 ∧ type_def__number_of_implements=0.33390442 ∧ type_def__number_of_generics=0.00825975 ∧ type_def__number_of_methods=8.95740700 ∧ type_def__percentage_overloaded_methods=10.20780563 ∧ type_def__number_of_constructors=1.65398610 ∧ type_def__number_of_fields=6.73813438 ∧ type_def__number_of_nested_types=0.22284967 ∧ type_def__number_of_inner_types=0.17190069 ∧ type_def__is_abstract=0.00932289 ∧ type_def__number_of_static_nested_types=0.05094868 ∧ type_def__is_inner=0.00989570 ∧ type_def__is_strictfp=0.00000000 ∧ type_def__percentage_of_static_fields=54.73496628 ∧ type_def__percentage_of_static_methods=0.94603729 ∧ type_def__number_of_static_blocks=0.00327116 ∧ type_def__is_nested=0.00997773 ∧ type_def__is_static=0.00654230 ∧ type_def__syntactic_category_Class=0.99869168 ∧ type_def__syntactic_category_Enum=0.00130843 ∧ type_def__syntactic_category_Interface=0.00000001 ∧ type_def__naming_convention_Anonymous=0.00008204 ∧ type_def__naming_convention_Camel_Low=0.00049068 ∧ type_def__naming_convention_Camel_Up=0.99525690 ∧ type_def__naming_convention_Lower=0.00073602 ∧ type_def__naming_convention_Snake_Case=0.00327116 ∧ type_def__naming_convention_Upper=0.00016356].
2022-06-15 04:17:12,271:INFO: Support: 12.61%.
2022-06-15 04:17:12,271:INFO: Distribution: 62.27% (low), 37.73% (high).
2022-06-15 04:17:12,271:INFO: 
2022-06-15 04:17:12,271:INFO: 
2022-06-15 04:17:12,271:INFO: Centroids: [programs__percentage_of_classes=93.71929932 ∧ programs__percentage_of_interfaces=4.42177677 ∧ programs__percentage_of_enums=1.85892379 ∧ programs__contains_code_in_packages=0.99455410 ∧ programs__contains_code_in_default_package=0.14567734 ∧ type_def__visibility=0.92784202 ∧ type_def__is_final=0.02382574 ∧ type_def__is_extension=0.64669847 ∧ type_def__number_of_annotations=0.42341715 ∧ type_def__is_in_default_package=0.00816876 ∧ type_def__number_of_implements=0.27365547 ∧ type_def__number_of_generics=0.02382574 ∧ type_def__number_of_methods=24.33016205 ∧ type_def__percentage_overloaded_methods=89.13861847 ∧ type_def__number_of_constructors=2.54526901 ∧ type_def__number_of_fields=1.27433634 ∧ type_def__number_of_nested_types=2.87883019 ∧ type_def__number_of_inner_types=2.84887791 ∧ type_def__is_abstract=0.02110280 ∧ type_def__number_of_static_nested_types=0.02995236 ∧ type_def__is_inner=0.07420008 ∧ type_def__is_strictfp=0.00000000 ∧ type_def__percentage_of_static_fields=43.70785522 ∧ type_def__percentage_of_static_methods=0.80113411 ∧ type_def__number_of_static_blocks=0.00476515 ∧ type_def__is_nested=0.08168815 ∧ type_def__is_static=0.04833221 ∧ type_def__syntactic_category_Class=0.88019055 ∧ type_def__syntactic_category_Enum=0.00204220 ∧ type_def__syntactic_category_Interface=0.11776717 ∧ type_def__naming_convention_Anonymous=0.01701844 ∧ type_def__naming_convention_Camel_Low=0.00204221 ∧ type_def__naming_convention_Camel_Up=0.97208995 ∧ type_def__naming_convention_Lower=0.00136147 ∧ type_def__naming_convention_Snake_Case=0.00136146 ∧ type_def__naming_convention_Upper=0.00612662].
2022-06-15 04:17:12,271:INFO: Support: 1.52%.
2022-06-15 04:17:12,271:INFO: Distribution: 47.04% (low), 52.96% (high).
2022-06-15 04:17:12,271:INFO: 
2022-06-15 04:17:12,271:INFO: 
2022-06-15 04:17:12,272:INFO: 
2022-06-15 04:17:14,328:INFO: Cluster [0]. Support [62.6428]. Lows [45.0030]. Highs [54.9970].
2022-06-15 04:17:14,402:INFO: 	Identified by feature [programs__percentage_of_enums]. Range [2.238 - 2.292].
2022-06-15 04:17:14,424:INFO: 	Identified by feature [type_def__number_of_annotations]. Range [0.284 - 0.292].
2022-06-15 04:17:14,446:INFO: 	Identified by feature [type_def__number_of_implements]. Range [0.521 - 0.535].
2022-06-15 04:17:14,490:INFO: 	Identified by feature [type_def__number_of_methods]. Range [6.150 - 6.285].
2022-06-15 04:17:14,512:INFO: 	Identified by feature [type_def__percentage_overloaded_methods]. Range [2.617 - 2.742].
2022-06-15 04:17:14,534:INFO: 	Identified by feature [type_def__number_of_constructors]. Range [0.338 - 0.347].
2022-06-15 04:17:14,556:INFO: 	Identified by feature [type_def__number_of_fields]. Range [1.504 - 1.550].
2022-06-15 04:17:14,578:INFO: 	Identified by feature [type_def__number_of_nested_types]. Range [0.094 - 0.110].
2022-06-15 04:17:14,600:INFO: 	Identified by feature [type_def__number_of_inner_types]. Range [0.067 - 0.080].
2022-06-15 04:17:14,644:INFO: 	Identified by feature [type_def__percentage_of_static_fields]. Range [0.355 - 0.399].
2022-06-15 04:17:14,666:INFO: 	Identified by feature [type_def__percentage_of_static_methods]. Range [0.474 - 0.531].
2022-06-15 04:17:14,687:INFO: 	Identified by feature [type_def__number_of_static_blocks]. Range [0.000 - 0.000].
2022-06-15 04:17:14,695:INFO: Cluster [1]. Support [4.9218]. Lows [29.5683]. Highs [70.4317]. (*)
2022-06-15 04:17:14,715:INFO: 	Identified by feature [programs__percentage_of_classes]. Range [92.744 - 93.113].
2022-06-15 04:17:14,735:INFO: 	Identified by feature [programs__percentage_of_interfaces]. Range [3.556 - 3.836].
2022-06-15 04:17:14,755:INFO: 	Identified by feature [programs__percentage_of_enums]. Range [3.260 - 3.493].
2022-06-15 04:17:14,776:INFO: 	Identified by feature [type_def__number_of_annotations]. Range [0.448 - 0.479].
2022-06-15 04:17:14,796:INFO: 	Identified by feature [type_def__number_of_implements]. Range [0.042 - 0.060].
2022-06-15 04:17:14,836:INFO: 	Identified by feature [type_def__number_of_methods]. Range [1.909 - 2.221].
2022-06-15 04:17:14,856:INFO: 	Identified by feature [type_def__percentage_overloaded_methods]. Range [0.373 - 0.575].
2022-06-15 04:17:14,876:INFO: 	Identified by feature [type_def__number_of_constructors]. Range [0.556 - 0.586].
2022-06-15 04:17:14,916:INFO: 	Identified by feature [type_def__number_of_nested_types]. Range [0.116 - 0.197].
2022-06-15 04:17:14,976:INFO: 	Identified by feature [type_def__percentage_of_static_fields]. Range [98.891 - 99.122].
2022-06-15 04:17:15,016:INFO: 	Identified by feature [type_def__number_of_static_blocks]. Range [0.047 - 0.060].
2022-06-15 04:17:15,027:INFO: Cluster [2]. Support [16.3342]. Lows [1.3892]. Highs [98.6108]. (*)
2022-06-15 04:17:15,049:INFO: 	Identified by feature [programs__percentage_of_classes]. Range [93.973 - 94.166].
2022-06-15 04:17:15,069:INFO: 	Identified by feature [programs__percentage_of_interfaces]. Range [1.112 - 1.167].
2022-06-15 04:17:15,090:INFO: 	Identified by feature [programs__percentage_of_enums]. Range [4.696 - 4.889].
2022-06-15 04:17:15,110:INFO: 	Identified by feature [type_def__number_of_annotations]. Range [1.299 - 1.317].
2022-06-15 04:17:15,131:INFO: 	Identified by feature [type_def__number_of_implements]. Range [0.465 - 0.481].
2022-06-15 04:17:15,151:INFO: 	Identified by feature [type_def__number_of_generics]. Range [0.000 - 0.001].
2022-06-15 04:17:15,172:INFO: 	Identified by feature [type_def__number_of_methods]. Range [2.302 - 2.387].
2022-06-15 04:17:15,193:INFO: 	Identified by feature [type_def__percentage_overloaded_methods]. Range [0.256 - 0.385].
2022-06-15 04:17:15,213:INFO: 	Identified by feature [type_def__number_of_constructors]. Range [0.136 - 0.147].
2022-06-15 04:17:15,254:INFO: 	Identified by feature [type_def__number_of_nested_types]. Range [0.041 - 0.058].
2022-06-15 04:17:15,274:INFO: 	Identified by feature [type_def__number_of_inner_types]. Range [0.019 - 0.030].
2022-06-15 04:17:15,315:INFO: 	Identified by feature [type_def__percentage_of_static_fields]. Range [96.991 - 97.271].
2022-06-15 04:17:15,336:INFO: 	Identified by feature [type_def__percentage_of_static_methods]. Range [52.291 - 52.620].
2022-06-15 04:17:15,362:INFO: Cluster [3]. Support [1.9762]. Lows [61.7954]. Highs [38.2046].
2022-06-15 04:17:15,382:INFO: 	Identified by feature [programs__percentage_of_classes]. Range [91.680 - 92.303].
2022-06-15 04:17:15,401:INFO: 	Identified by feature [programs__percentage_of_interfaces]. Range [4.834 - 5.272].
2022-06-15 04:17:15,422:INFO: 	Identified by feature [programs__percentage_of_enums]. Range [2.769 - 3.144].
2022-06-15 04:17:15,442:INFO: 	Identified by feature [type_def__number_of_annotations]. Range [0.057 - 0.081].
2022-06-15 04:17:15,461:INFO: 	Identified by feature [type_def__number_of_implements]. Range [0.023 - 0.040].
2022-06-15 04:17:15,501:INFO: 	Identified by feature [type_def__number_of_methods]. Range [2.762 - 3.134].
2022-06-15 04:17:15,521:INFO: 	Identified by feature [type_def__percentage_overloaded_methods]. Range [3.728 - 5.169].
2022-06-15 04:17:15,541:INFO: 	Identified by feature [type_def__number_of_constructors]. Range [0.173 - 0.212].
2022-06-15 04:17:15,561:INFO: 	Identified by feature [type_def__number_of_fields]. Range [0.778 - 0.997].
2022-06-15 04:17:15,619:INFO: 	Identified by feature [type_def__number_of_static_nested_types]. Range [0.071 - 0.133].
2022-06-15 04:17:15,639:INFO: 	Identified by feature [type_def__percentage_of_static_fields]. Range [0.719 - 1.259].
2022-06-15 04:17:15,659:INFO: 	Identified by feature [type_def__percentage_of_static_methods]. Range [73.254 - 75.467].
2022-06-15 04:17:15,689:INFO: Cluster [4]. Support [12.6098]. Lows [62.2689]. Highs [37.7311].
2022-06-15 04:17:15,710:INFO: 	Identified by feature [programs__percentage_of_classes]. Range [96.671 - 96.858].
2022-06-15 04:17:15,730:INFO: 	Identified by feature [programs__percentage_of_interfaces]. Range [1.744 - 1.887].
2022-06-15 04:17:15,751:INFO: 	Identified by feature [programs__percentage_of_enums]. Range [1.367 - 1.471].
2022-06-15 04:17:15,771:INFO: 	Identified by feature [type_def__number_of_annotations]. Range [0.564 - 0.596].
2022-06-15 04:17:15,791:INFO: 	Identified by feature [type_def__number_of_implements]. Range [0.324 - 0.343].
2022-06-15 04:17:15,831:INFO: 	Identified by feature [type_def__number_of_methods]. Range [8.754 - 9.161].
2022-06-15 04:17:15,851:INFO: 	Identified by feature [type_def__percentage_overloaded_methods]. Range [10.002 - 10.417].
2022-06-15 04:17:15,871:INFO: 	Identified by feature [type_def__number_of_constructors]. Range [1.634 - 1.674].
2022-06-15 04:17:15,894:INFO: 	Identified by feature [type_def__number_of_fields]. Range [6.625 - 6.849].
2022-06-15 04:17:15,978:INFO: 	Identified by feature [type_def__percentage_of_static_fields]. Range [54.520 - 54.943].
2022-06-15 04:17:16,026:INFO: Cluster [5]. Support [1.5151]. Lows [47.0388]. Highs [52.9612].
2022-06-15 04:17:16,089:INFO: 	Identified by feature [programs__percentage_of_enums]. Range [1.697 - 2.021].
2022-06-15 04:17:16,110:INFO: 	Identified by feature [type_def__number_of_annotations]. Range [0.389 - 0.458].
2022-06-15 04:17:16,131:INFO: 	Identified by feature [type_def__number_of_implements]. Range [0.248 - 0.299].
2022-06-15 04:17:16,172:INFO: 	Identified by feature [type_def__number_of_methods]. Range [21.356 - 27.304].
2022-06-15 04:17:16,193:INFO: 	Identified by feature [type_def__percentage_overloaded_methods]. Range [88.300 - 89.977].
2022-06-15 04:17:16,214:INFO: 	Identified by feature [type_def__number_of_constructors]. Range [2.404 - 2.687].
2022-06-15 04:17:16,235:INFO: 	Identified by feature [type_def__number_of_fields]. Range [1.066 - 1.483].
2022-06-15 04:17:16,256:INFO: 	Identified by feature [type_def__number_of_nested_types]. Range [2.193 - 3.565].
2022-06-15 04:17:16,277:INFO: 	Identified by feature [type_def__number_of_inner_types]. Range [2.164 - 3.534].
2022-06-15 04:17:16,318:INFO: 	Identified by feature [type_def__percentage_of_static_fields]. Range [41.344 - 46.072].
2022-06-15 04:17:16,359:INFO: Support of clusters associated with a level of experience: 21.2560.
2022-06-15 04:17:16,360:INFO: All saved and finished.
