2022-06-14 22:36:51,603:INFO: Parameters file found <models.utils.Params object at 0x7f0544e39460>.
2022-06-14 22:36:51,603:INFO: Downloading dataset...
2022-06-14 22:36:53,376:INFO: Downloaded dataset. Features shape (96956, 24). Target shape (96956,).
2022-06-14 22:36:53,491:INFO: Features normalized. Features shape (96956, 31). Target shape (96956,).
2022-06-14 22:36:53,491:INFO: Features scaled. Features shape (96956, 31). Target shape (96956,).
2022-06-14 22:37:27,442:INFO: Creating model for params [<models.utils.Params object at 0x7f0544e39460>]...
2022-06-14 22:37:27,442:INFO: Starting training
2022-06-14 22:37:30,437:INFO: Training finished.
2022-06-14 22:37:30,440:INFO: Evaluation: 
  	  Support	  Low	  High	type_def__visibility       	type_def__is_final         	type_def__is_extension     	type_def__number_of_annotations  	type_def__is_in_default_package  	type_def__number_of_implements  	type_def__number_of_generics  	type_def__number_of_methods   	type_def__percentage_overloaded_methods  	type_def__number_of_constructors  	type_def__number_of_fields  	type_def__number_of_nested_types  	type_def__number_of_inner_types  	type_def__is_abstract      	type_def__number_of_static_nested_types  	type_def__is_inner         	type_def__is_strictfp  	type_def__percentage_of_static_fields  	type_def__percentage_of_static_methods  	type_def__number_of_static_blocks  	type_def__is_nested        	type_def__is_static        	type_def__syntactic_category_Class  	type_def__syntactic_category_Enum  	type_def__syntactic_category_Interface  	type_def__naming_convention_Anonymous  	type_def__naming_convention_Camel_Low  	type_def__naming_convention_Camel_Up  	type_def__naming_convention_Lower  	type_def__naming_convention_Snake_Case  	type_def__naming_convention_Upper  	cluster_id             	type_def__user_class
 0	    12.65	62.10	 37.90	('0.983', '0.985', '0.987')	('0.006', '0.007', '0.009')	('0.085', '0.090', '0.095')	('0.564', '0.579', '0.595')      	('0.496', '0.505', '0.514')      	('0.326', '0.335', '0.345')     	('0.007', '0.009', '0.010')   	('8.783', '8.987', '9.191')   	('9.965', '10.173', '10.380')            	('1.631', '1.650', '1.670')       	('6.633', '6.745', '6.856') 	('0.207', '0.235', '0.262')       	('0.158', '0.182', '0.205')      	('0.008', '0.009', '0.011')	('0.045', '0.053', '0.061')              	('0.008', '0.010', '0.012')	('nan', '0.000', 'nan')	('54.528', '54.740', '54.952')         	('0.880', '0.960', '1.040')             	('0.002', '0.004', '0.005')        	('0.008', '0.010', '0.012')	('0.005', '0.007', '0.008')	('0.998', '0.999', '0.999')         	('0.001', '0.001', '0.002')        	('nan', '0.000', 'nan')                 	('-0.000', '0.000', '0.000')           	('0.000', '0.000', '0.001')            	('0.994', '0.995', '0.996')           	('0.000', '0.001', '0.001')        	('0.002', '0.003', '0.004')             	('-0.000', '0.000', '0.000')       	('nan', '0.000', 'nan')	('0.370', '0.379', '0.388')
 1	    62.63	45.01	 54.99	('0.771', '0.774', '0.778')	('0.011', '0.012', '0.013')	('0.293', '0.297', '0.300')	('0.284', '0.288', '0.292')      	('0.137', '0.139', '0.142')      	('0.521', '0.528', '0.535')     	('0.019', '0.021', '0.022')   	('6.144', '6.212', '6.280')   	('2.618', '2.681', '2.743')              	('0.338', '0.343', '0.347')       	('1.501', '1.524', '1.548') 	('0.093', '0.101', '0.108')       	('0.066', '0.073', '0.080')      	('0.029', '0.031', '0.032')	('0.024', '0.028', '0.031')              	('0.231', '0.234', '0.237')	('nan', '0.000', 'nan')	('0.349', '0.371', '0.392')            	('0.472', '0.501', '0.529')             	('0.000', '0.000', '0.000')        	('0.234', '0.238', '0.241')	('0.038', '0.040', '0.041')	('0.947', '0.948', '0.950')         	('0.001', '0.001', '0.001')        	('0.049', '0.051', '0.053')             	('0.159', '0.162', '0.165')            	('0.004', '0.004', '0.005')            	('0.817', '0.820', '0.823')           	('0.001', '0.001', '0.001')        	('0.011', '0.011', '0.012')             	('0.001', '0.001', '0.002')        	('nan', '1.000', 'nan')	('0.546', '0.550', '0.554')
 2	     4.90	29.66	 70.34	('0.882', '0.890', '0.899')	('0.010', '0.013', '0.017')	('0.633', '0.646', '0.660')	('0.447', '0.462', '0.478')      	('0.040', '0.046', '0.052')      	('0.039', '0.047', '0.056')     	('0.005', '0.007', '0.010')   	('1.868', '2.022', '2.175')   	('0.387', '0.489', '0.591')              	('0.558', '0.573', '0.588')       	('2.663', '2.834', '3.005') 	('0.104', '0.143', '0.182')       	('0.064', '0.097', '0.130')      	('0.011', '0.015', '0.018')	('0.033', '0.046', '0.058')              	('0.157', '0.167', '0.178')	('nan', '0.000', 'nan')	('99.024', '99.129', '99.235')         	('0.828', '0.948', '1.068')             	('0.047', '0.053', '0.060')        	('0.161', '0.172', '0.183')	('0.095', '0.104', '0.113')	('0.806', '0.817', '0.828')         	('0.163', '0.174', '0.185')        	('0.006', '0.009', '0.012')             	('0.001', '0.002', '0.003')            	('-0.000', '0.000', '0.001')           	('0.972', '0.976', '0.980')           	('0.002', '0.004', '0.006')        	('0.013', '0.016', '0.020')             	('0.001', '0.002', '0.003')        	('nan', '2.000', 'nan')	('0.690', '0.703', '0.716')
 3	    16.34	 1.39	 98.61	('0.991', '0.992', '0.994')	('0.022', '0.025', '0.027')	('0.022', '0.025', '0.027')	('1.299', '1.308', '1.317')      	('0.001', '0.002', '0.002')      	('0.465', '0.473', '0.481')     	('0.000', '0.001', '0.001')   	('2.304', '2.346', '2.389')   	('0.256', '0.321', '0.385')              	('0.136', '0.141', '0.147')       	('2.933', '3.012', '3.091') 	('0.041', '0.050', '0.059')       	('0.020', '0.025', '0.031')      	('0.001', '0.002', '0.002')	('0.019', '0.025', '0.031')              	('0.007', '0.009', '0.010')	('nan', '0.000', 'nan')	('96.989', '97.129', '97.269')         	('52.288', '52.453', '52.617')          	('0.002', '0.004', '0.006')        	('0.008', '0.009', '0.011')	('0.007', '0.009', '0.010')	('0.892', '0.897', '0.901')         	('0.099', '0.103', '0.108')        	('nan', '0.000', 'nan')                 	('nan', '0.000', 'nan')                	('0.000', '0.000', '0.001')            	('0.999', '0.999', '1.000')           	('-0.000', '0.000', '0.000')       	('0.000', '0.000', '0.001')             	('0.000', '0.000', '0.001')        	('nan', '3.000', 'nan')	('0.984', '0.986', '0.988')
 4	     1.98	61.80	 38.20	('0.931', '0.942', '0.952')	('0.057', '0.068', '0.079')	('0.046', '0.056', '0.067')	('0.057', '0.069', '0.081')      	('0.040', '0.050', '0.060')      	('0.023', '0.031', '0.040')     	('0.001', '0.005', '0.008')   	('2.762', '2.948', '3.134')   	('3.729', '4.448', '5.168')              	('0.173', '0.192', '0.212')       	('0.778', '0.888', '0.997') 	('0.178', '0.231', '0.283')       	('0.096', '0.129', '0.162')      	('0.005', '0.010', '0.014')	('0.071', '0.102', '0.133')              	('0.029', '0.037', '0.046')	('nan', '0.000', 'nan')	('0.719', '0.989', '1.259')            	('73.255', '74.360', '75.466')          	('0.000', '0.003', '0.005')        	('0.029', '0.037', '0.046')	('0.027', '0.035', '0.044')	('0.986', '0.991', '0.995')         	('0.004', '0.008', '0.012')        	('-0.000', '0.002', '0.003')            	('nan', '0.000', 'nan')                	('-0.001', '0.001', '0.002')           	('0.981', '0.986', '0.991')           	('0.000', '0.003', '0.005')        	('0.002', '0.006', '0.009')             	('0.002', '0.005', '0.008')        	('nan', '4.000', 'nan')	('0.360', '0.382', '0.404')
 5	     1.51	47.07	 52.93	('0.915', '0.928', '0.941')	('0.016', '0.024', '0.032')	('0.622', '0.646', '0.671')	('0.390', '0.424', '0.458')      	('0.004', '0.008', '0.013')      	('0.249', '0.274', '0.299')     	('0.015', '0.024', '0.033')   	('21.337', '24.311', '27.284')	('88.339', '89.174', '90.010')           	('2.405', '2.546', '2.688')       	('1.058', '1.266', '1.474') 	('2.169', '2.853', '3.537')       	('2.142', '2.826', '3.509')      	('0.014', '0.021', '0.028')	('0.008', '0.027', '0.046')              	('0.061', '0.074', '0.088')	('nan', '0.000', 'nan')	('41.355', '43.718', '46.082')         	('0.547', '0.793', '1.038')             	('0.001', '0.004', '0.007')        	('0.068', '0.082', '0.096')	('0.037', '0.048', '0.059')	('0.863', '0.880', '0.897')         	('-0.000', '0.002', '0.004')       	('0.101', '0.118', '0.134')             	('0.010', '0.017', '0.024')            	('-0.000', '0.002', '0.004')           	('0.964', '0.972', '0.981')           	('-0.001', '0.001', '0.003')       	('-0.001', '0.001', '0.003')            	('0.002', '0.006', '0.010')        	('nan', '5.000', 'nan')	('0.504', '0.529', '0.555')
2022-06-14 22:37:30,443:INFO: Data saved.
2022-06-14 22:37:30,443:INFO: 
2022-06-14 22:37:30,443:INFO: 
2022-06-14 22:37:30,443:INFO: Centroids: [type_def__visibility=0.98491484 ∧ type_def__is_final=0.00733856 ∧ type_def__is_extension=0.09001914 ∧ type_def__number_of_annotations=0.57941806 ∧ type_def__is_in_default_package=0.50480962 ∧ type_def__number_of_implements=0.33545190 ∧ type_def__number_of_generics=0.00856167 ∧ type_def__number_of_methods=8.98647785 ∧ type_def__percentage_overloaded_methods=10.17207718 ∧ type_def__number_of_constructors=1.65035427 ∧ type_def__number_of_fields=6.74469519 ∧ type_def__number_of_nested_types=0.23458920 ∧ type_def__number_of_inner_types=0.18158862 ∧ type_def__is_abstract=0.00945859 ∧ type_def__number_of_static_nested_types=0.05300067 ∧ type_def__is_inner=0.01011120 ∧ type_def__is_strictfp=0.00000000 ∧ type_def__percentage_of_static_fields=54.73823547 ∧ type_def__percentage_of_static_methods=0.95958138 ∧ type_def__number_of_static_blocks=0.00358772 ∧ type_def__is_nested=0.01019308 ∧ type_def__is_static=0.00676771 ∧ type_def__syntactic_category_Class=0.99861401 ∧ type_def__syntactic_category_Enum=0.00138613 ∧ type_def__syntactic_category_Interface=0.00000001 ∧ type_def__naming_convention_Anonymous=0.00008178 ∧ type_def__naming_convention_Camel_Low=0.00048924 ∧ type_def__naming_convention_Camel_Up=0.99527085 ∧ type_def__naming_convention_Lower=0.00073386 ∧ type_def__naming_convention_Snake_Case=0.00326155 ∧ type_def__naming_convention_Upper=0.00016308].
2022-06-14 22:37:30,443:INFO: Support: 12.65%.
2022-06-14 22:37:30,443:INFO: Distribution: 62.10% (low), 37.90% (high).
2022-06-14 22:37:30,443:INFO: 
2022-06-14 22:37:30,443:INFO: 
2022-06-14 22:37:30,444:INFO: Centroids: [type_def__visibility=0.77425051 ∧ type_def__is_final=0.01215383 ∧ type_def__is_extension=0.29669762 ∧ type_def__number_of_annotations=0.28790063 ∧ type_def__is_in_default_package=0.13935561 ∧ type_def__number_of_implements=0.52814221 ∧ type_def__number_of_generics=0.02066768 ∧ type_def__number_of_methods=6.21211481 ∧ type_def__percentage_overloaded_methods=2.68093443 ∧ type_def__number_of_constructors=0.34277529 ∧ type_def__number_of_fields=1.52436376 ∧ type_def__number_of_nested_types=0.10052685 ∧ type_def__number_of_inner_types=0.07279133 ∧ type_def__is_abstract=0.03086170 ∧ type_def__number_of_static_nested_types=0.02773286 ∧ type_def__is_inner=0.23398507 ∧ type_def__is_strictfp=0.00000000 ∧ type_def__percentage_of_static_fields=0.37024879 ∧ type_def__percentage_of_static_methods=0.50069332 ∧ type_def__number_of_static_blocks=0.00023052 ∧ type_def__is_nested=0.23761010 ∧ type_def__is_static=0.03954129 ∧ type_def__syntactic_category_Class=0.94827282 ∧ type_def__syntactic_category_Enum=0.00090547 ∧ type_def__syntactic_category_Interface=0.05082183 ∧ type_def__naming_convention_Anonymous=0.16163930 ∧ type_def__naming_convention_Camel_Low=0.00438055 ∧ type_def__naming_convention_Camel_Up=0.82009792 ∧ type_def__naming_convention_Lower=0.00107047 ∧ type_def__naming_convention_Snake_Case=0.01146222 ∧ type_def__naming_convention_Upper=0.00135042].
2022-06-14 22:37:30,444:INFO: Support: 62.63%.
2022-06-14 22:37:30,444:INFO: Distribution: 45.01% (low), 54.99% (high).
2022-06-14 22:37:30,444:INFO: 
2022-06-14 22:37:30,444:INFO: 
2022-06-14 22:37:30,444:INFO: Centroids: [type_def__visibility=0.89045709 ∧ type_def__is_final=0.01327153 ∧ type_def__is_extension=0.64630330 ∧ type_def__number_of_annotations=0.46239734 ∧ type_def__is_in_default_package=0.04571295 ∧ type_def__number_of_implements=0.04739806 ∧ type_def__number_of_generics=0.00737308 ∧ type_def__number_of_methods=2.02169704 ∧ type_def__percentage_overloaded_methods=0.48927951 ∧ type_def__number_of_constructors=0.57320452 ∧ type_def__number_of_fields=2.83400011 ∧ type_def__number_of_nested_types=0.14303759 ∧ type_def__number_of_inner_types=0.09732456 ∧ type_def__is_abstract=0.01453552 ∧ type_def__number_of_static_nested_types=0.04571311 ∧ type_def__is_inner=0.16747415 ∧ type_def__is_strictfp=0.00000000 ∧ type_def__percentage_of_static_fields=99.12908173 ∧ type_def__percentage_of_static_methods=0.94817638 ∧ type_def__number_of_static_blocks=0.05329696 ∧ type_def__is_nested=0.17189796 ∧ type_def__is_static=0.10406569 ∧ type_def__syntactic_category_Class=0.81714779 ∧ type_def__syntactic_category_Enum=0.17400461 ∧ type_def__syntactic_category_Interface=0.00884768 ∧ type_def__naming_convention_Anonymous=0.00168531 ∧ type_def__naming_convention_Camel_Low=0.00021066 ∧ type_def__naming_convention_Camel_Up=0.97598481 ∧ type_def__naming_convention_Lower=0.00400253 ∧ type_def__naming_convention_Snake_Case=0.01622079 ∧ type_def__naming_convention_Upper=0.00189593].
2022-06-14 22:37:30,446:INFO: Support: 4.90%.
2022-06-14 22:37:30,446:INFO: Distribution: 29.66% (low), 70.34% (high).
2022-06-14 22:37:30,446:INFO: 
2022-06-14 22:37:30,446:INFO: 
2022-06-14 22:37:30,446:INFO: Centroids: [type_def__visibility=0.99229670 ∧ type_def__is_final=0.02487531 ∧ type_def__is_extension=0.02468823 ∧ type_def__number_of_annotations=1.30753398 ∧ type_def__is_in_default_package=0.00164185 ∧ type_def__number_of_implements=0.47275662 ∧ type_def__number_of_generics=0.00056827 ∧ type_def__number_of_methods=2.34611869 ∧ type_def__percentage_overloaded_methods=0.32059145 ∧ type_def__number_of_constructors=0.14142454 ∧ type_def__number_of_fields=3.01192737 ∧ type_def__number_of_nested_types=0.05019396 ∧ type_def__number_of_inner_types=0.02512766 ∧ type_def__is_abstract=0.00176756 ∧ type_def__number_of_static_nested_types=0.02506475 ∧ type_def__is_inner=0.00884032 ∧ type_def__is_strictfp=0.00000000 ∧ type_def__percentage_of_static_fields=97.12920380 ∧ type_def__percentage_of_static_methods=52.45295334 ∧ type_def__number_of_static_blocks=0.00391435 ∧ type_def__is_nested=0.00921983 ∧ type_def__is_static=0.00864946 ∧ type_def__syntactic_category_Class=0.89664781 ∧ type_def__syntactic_category_Enum=0.10335189 ∧ type_def__syntactic_category_Interface=0.00000028 ∧ type_def__naming_convention_Anonymous=-0.00000092 ∧ type_def__naming_convention_Camel_Low=0.00025255 ∧ type_def__naming_convention_Camel_Up=0.99917990 ∧ type_def__naming_convention_Lower=0.00006314 ∧ type_def__naming_convention_Snake_Case=0.00025256 ∧ type_def__naming_convention_Upper=0.00025254].
2022-06-14 22:37:30,446:INFO: Support: 16.34%.
2022-06-14 22:37:30,446:INFO: Distribution: 1.39% (low), 98.61% (high).
2022-06-14 22:37:30,446:INFO: 
2022-06-14 22:37:30,447:INFO: 
2022-06-14 22:37:30,447:INFO: Centroids: [type_def__visibility=0.94154483 ∧ type_def__is_final=0.06784964 ∧ type_def__is_extension=0.05636746 ∧ type_def__number_of_annotations=0.06889373 ∧ type_def__is_in_default_package=0.05010424 ∧ type_def__number_of_implements=0.03131521 ∧ type_def__number_of_generics=0.00469728 ∧ type_def__number_of_methods=2.94780445 ∧ type_def__percentage_overloaded_methods=4.44847918 ∧ type_def__number_of_constructors=0.19206718 ∧ type_def__number_of_fields=0.88778758 ∧ type_def__number_of_nested_types=0.23068881 ∧ type_def__number_of_inner_types=0.12891439 ∧ type_def__is_abstract=0.00991649 ∧ type_def__number_of_static_nested_types=0.10177456 ∧ type_def__is_inner=0.03705630 ∧ type_def__is_strictfp=0.00000000 ∧ type_def__percentage_of_static_fields=0.98905754 ∧ type_def__percentage_of_static_methods=74.36038971 ∧ type_def__number_of_static_blocks=0.00260960 ∧ type_def__is_nested=0.03705626 ∧ type_def__is_static=0.03549058 ∧ type_def__syntactic_category_Class=0.99060535 ∧ type_def__syntactic_category_Enum=0.00782883 ∧ type_def__syntactic_category_Interface=0.00156575 ∧ type_def__naming_convention_Anonymous=0.00000000 ∧ type_def__naming_convention_Camel_Low=0.00052192 ∧ type_def__naming_convention_Camel_Up=0.98590821 ∧ type_def__naming_convention_Lower=0.00260961 ∧ type_def__naming_convention_Snake_Case=0.00574112 ∧ type_def__naming_convention_Upper=0.00521920].
2022-06-14 22:37:30,447:INFO: Support: 1.98%.
2022-06-14 22:37:30,447:INFO: Distribution: 61.80% (low), 38.20% (high).
2022-06-14 22:37:30,447:INFO: 
2022-06-14 22:37:30,447:INFO: 
2022-06-14 22:37:30,447:INFO: Centroids: [type_def__visibility=0.92779291 ∧ type_def__is_final=0.02384197 ∧ type_def__is_extension=0.64645761 ∧ type_def__number_of_annotations=0.42370564 ∧ type_def__is_in_default_package=0.00817430 ∧ type_def__number_of_implements=0.27384192 ∧ type_def__number_of_generics=0.02384197 ∧ type_def__number_of_methods=24.31063080 ∧ type_def__percentage_overloaded_methods=89.17414093 ∧ type_def__number_of_constructors=2.54632115 ∧ type_def__number_of_fields=1.26566780 ∧ type_def__number_of_nested_types=2.85286188 ∧ type_def__number_of_inner_types=2.82561398 ∧ type_def__is_abstract=0.02111717 ∧ type_def__number_of_static_nested_types=0.02724797 ∧ type_def__is_inner=0.07425065 ∧ type_def__is_strictfp=0.00000000 ∧ type_def__percentage_of_static_fields=43.71815491 ∧ type_def__percentage_of_static_methods=0.79268265 ∧ type_def__number_of_static_blocks=0.00408719 ∧ type_def__is_nested=0.08174380 ∧ type_def__is_static=0.04836512 ∧ type_def__syntactic_category_Class=0.88010895 ∧ type_def__syntactic_category_Enum=0.00204359 ∧ type_def__syntactic_category_Interface=0.11784740 ∧ type_def__naming_convention_Anonymous=0.01703003 ∧ type_def__naming_convention_Camel_Low=0.00204360 ∧ type_def__naming_convention_Camel_Up=0.97207093 ∧ type_def__naming_convention_Lower=0.00136240 ∧ type_def__naming_convention_Snake_Case=0.00136239 ∧ type_def__naming_convention_Upper=0.00613079].
2022-06-14 22:37:30,447:INFO: Support: 1.51%.
2022-06-14 22:37:30,448:INFO: Distribution: 47.07% (low), 52.93% (high).
2022-06-14 22:37:30,448:INFO: 
2022-06-14 22:37:30,448:INFO: 
2022-06-14 22:37:30,448:INFO: 
2022-06-14 22:37:32,468:INFO: Cluster [0]. Support [12.6480]. Lows [62.0974]. Highs [37.9026].
2022-06-14 22:37:32,490:INFO: 	Identified by feature [type_def__number_of_annotations]. Range [0.564 - 0.595].
2022-06-14 22:37:32,512:INFO: 	Identified by feature [type_def__number_of_implements]. Range [0.326 - 0.345].
2022-06-14 22:37:32,554:INFO: 	Identified by feature [type_def__number_of_methods]. Range [8.783 - 9.191].
2022-06-14 22:37:32,575:INFO: 	Identified by feature [type_def__percentage_overloaded_methods]. Range [9.965 - 10.380].
2022-06-14 22:37:32,597:INFO: 	Identified by feature [type_def__number_of_constructors]. Range [1.631 - 1.670].
2022-06-14 22:37:32,618:INFO: 	Identified by feature [type_def__number_of_fields]. Range [6.633 - 6.856].
2022-06-14 22:37:32,705:INFO: 	Identified by feature [type_def__percentage_of_static_fields]. Range [54.528 - 54.952].
2022-06-14 22:37:32,777:INFO: Cluster [1]. Support [62.6294]. Lows [45.0142]. Highs [54.9858].
2022-06-14 22:37:32,801:INFO: 	Identified by feature [type_def__number_of_annotations]. Range [0.284 - 0.292].
2022-06-14 22:37:32,825:INFO: 	Identified by feature [type_def__number_of_implements]. Range [0.521 - 0.535].
2022-06-14 22:37:32,871:INFO: 	Identified by feature [type_def__number_of_methods]. Range [6.144 - 6.280].
2022-06-14 22:37:32,894:INFO: 	Identified by feature [type_def__percentage_overloaded_methods]. Range [2.618 - 2.743].
2022-06-14 22:37:32,917:INFO: 	Identified by feature [type_def__number_of_constructors]. Range [0.338 - 0.347].
2022-06-14 22:37:32,940:INFO: 	Identified by feature [type_def__number_of_fields]. Range [1.501 - 1.548].
2022-06-14 22:37:32,963:INFO: 	Identified by feature [type_def__number_of_nested_types]. Range [0.093 - 0.108].
2022-06-14 22:37:33,031:INFO: 	Identified by feature [type_def__percentage_of_static_fields]. Range [0.349 - 0.392].
2022-06-14 22:37:33,055:INFO: 	Identified by feature [type_def__percentage_of_static_methods]. Range [0.472 - 0.529].
2022-06-14 22:37:33,078:INFO: 	Identified by feature [type_def__number_of_static_blocks]. Range [0.000 - 0.000].
2022-06-14 22:37:33,086:INFO: Cluster [2]. Support [4.8960]. Lows [29.6608]. Highs [70.3392]. (*)
2022-06-14 22:37:33,107:INFO: 	Identified by feature [type_def__number_of_annotations]. Range [0.447 - 0.478].
2022-06-14 22:37:33,128:INFO: 	Identified by feature [type_def__number_of_implements]. Range [0.039 - 0.056].
2022-06-14 22:37:33,170:INFO: 	Identified by feature [type_def__number_of_methods]. Range [1.868 - 2.175].
2022-06-14 22:37:33,190:INFO: 	Identified by feature [type_def__percentage_overloaded_methods]. Range [0.387 - 0.591].
2022-06-14 22:37:33,210:INFO: 	Identified by feature [type_def__number_of_constructors]. Range [0.558 - 0.588].
2022-06-14 22:37:33,230:INFO: 	Identified by feature [type_def__number_of_fields]. Range [2.663 - 3.005].
2022-06-14 22:37:33,250:INFO: 	Identified by feature [type_def__number_of_nested_types]. Range [0.104 - 0.182].
2022-06-14 22:37:33,308:INFO: 	Identified by feature [type_def__percentage_of_static_fields]. Range [99.024 - 99.235].
2022-06-14 22:37:33,350:INFO: 	Identified by feature [type_def__number_of_static_blocks]. Range [0.047 - 0.060].
2022-06-14 22:37:33,362:INFO: Cluster [3]. Support [16.3363]. Lows [1.3890]. Highs [98.6110]. (*)
2022-06-14 22:37:33,383:INFO: 	Identified by feature [type_def__number_of_annotations]. Range [1.299 - 1.317].
2022-06-14 22:37:33,404:INFO: 	Identified by feature [type_def__number_of_implements]. Range [0.465 - 0.481].
2022-06-14 22:37:33,424:INFO: 	Identified by feature [type_def__number_of_generics]. Range [0.000 - 0.001].
2022-06-14 22:37:33,444:INFO: 	Identified by feature [type_def__number_of_methods]. Range [2.304 - 2.389].
2022-06-14 22:37:33,465:INFO: 	Identified by feature [type_def__percentage_overloaded_methods]. Range [0.256 - 0.385].
2022-06-14 22:37:33,486:INFO: 	Identified by feature [type_def__number_of_constructors]. Range [0.136 - 0.147].
2022-06-14 22:37:33,507:INFO: 	Identified by feature [type_def__number_of_fields]. Range [2.933 - 3.091].
2022-06-14 22:37:33,527:INFO: 	Identified by feature [type_def__number_of_nested_types]. Range [0.041 - 0.059].
2022-06-14 22:37:33,547:INFO: 	Identified by feature [type_def__number_of_inner_types]. Range [0.020 - 0.031].
2022-06-14 22:37:33,587:INFO: 	Identified by feature [type_def__percentage_of_static_fields]. Range [96.989 - 97.269].
2022-06-14 22:37:33,608:INFO: 	Identified by feature [type_def__percentage_of_static_methods]. Range [52.288 - 52.617].
2022-06-14 22:37:33,634:INFO: Cluster [4]. Support [1.9762]. Lows [61.7954]. Highs [38.2046].
2022-06-14 22:37:33,653:INFO: 	Identified by feature [type_def__number_of_annotations]. Range [0.057 - 0.081].
2022-06-14 22:37:33,673:INFO: 	Identified by feature [type_def__number_of_implements]. Range [0.023 - 0.040].
2022-06-14 22:37:33,712:INFO: 	Identified by feature [type_def__number_of_methods]. Range [2.762 - 3.134].
2022-06-14 22:37:33,731:INFO: 	Identified by feature [type_def__percentage_overloaded_methods]. Range [3.728 - 5.169].
2022-06-14 22:37:33,751:INFO: 	Identified by feature [type_def__number_of_constructors]. Range [0.173 - 0.212].
2022-06-14 22:37:33,770:INFO: 	Identified by feature [type_def__number_of_fields]. Range [0.778 - 0.997].
2022-06-14 22:37:33,828:INFO: 	Identified by feature [type_def__number_of_static_nested_types]. Range [0.071 - 0.133].
2022-06-14 22:37:33,847:INFO: 	Identified by feature [type_def__percentage_of_static_fields]. Range [0.719 - 1.259].
2022-06-14 22:37:33,867:INFO: 	Identified by feature [type_def__percentage_of_static_methods]. Range [73.254 - 75.467].
2022-06-14 22:37:33,892:INFO: Cluster [5]. Support [1.5141]. Lows [47.0708]. Highs [52.9292].
2022-06-14 22:37:33,912:INFO: 	Identified by feature [type_def__number_of_annotations]. Range [0.390 - 0.458].
2022-06-14 22:37:33,931:INFO: 	Identified by feature [type_def__number_of_implements]. Range [0.248 - 0.299].
2022-06-14 22:37:33,970:INFO: 	Identified by feature [type_def__number_of_methods]. Range [21.335 - 27.287].
2022-06-14 22:37:33,990:INFO: 	Identified by feature [type_def__percentage_overloaded_methods]. Range [88.338 - 90.011].
2022-06-14 22:37:34,009:INFO: 	Identified by feature [type_def__number_of_constructors]. Range [2.405 - 2.688].
2022-06-14 22:37:34,029:INFO: 	Identified by feature [type_def__number_of_fields]. Range [1.058 - 1.474].
2022-06-14 22:37:34,048:INFO: 	Identified by feature [type_def__number_of_nested_types]. Range [2.168 - 3.537].
2022-06-14 22:37:34,068:INFO: 	Identified by feature [type_def__number_of_inner_types]. Range [2.142 - 3.509].
2022-06-14 22:37:34,107:INFO: 	Identified by feature [type_def__percentage_of_static_fields]. Range [41.353 - 46.084].
2022-06-14 22:37:34,145:INFO: Support of clusters associated with a level of experience: 21.2323.
2022-06-14 22:37:34,145:INFO: All saved and finished.
